SF:lib\models\cart_model.dart
DA:11,4
LF:1
LH:1
end_of_record
SF:lib\models\product_model.dart
DA:12,14
DA:24,7
DA:25,7
DA:26,7
DA:27,7
DA:28,7
DA:29,14
DA:30,7
DA:31,12
DA:32,7
DA:33,14
DA:34,14
LF:12
LH:12
end_of_record
SF:lib\services\product_service.dart
DA:6,6
DA:7,5
DA:9,6
DA:10,6
DA:11,24
DA:14,2
DA:15,2
DA:17,4
DA:18,1
DA:21,3
DA:22,3
DA:23,8
DA:26,3
DA:27,3
DA:30,3
DA:31,3
DA:32,8
DA:35,3
DA:36,4
DA:37,3
DA:38,2
DA:39,4
DA:40,6
DA:41,2
LF:24
LH:24
end_of_record
SF:lib\views\search_results_page.dart
DA:10,2
DA:12,2
DA:13,2
DA:26,2
DA:28,2
DA:29,8
DA:30,6
DA:33,2
DA:35,2
DA:36,6
DA:37,8
DA:38,2
DA:39,6
DA:43,2
DA:45,4
DA:46,2
DA:49,0
DA:51,0
DA:52,0
DA:53,0
DA:54,0
DA:58,2
DA:59,2
DA:60,0
DA:61,0
DA:62,0
DA:67,4
DA:68,2
DA:69,2
DA:73,4
DA:75,2
DA:77,2
DA:78,1
DA:79,1
DA:82,0
DA:83,0
DA:89,2
DA:91,2
DA:93,2
DA:94,2
DA:96,2
DA:98,2
DA:104,2
DA:105,2
DA:106,2
DA:109,2
DA:110,2
DA:112,6
DA:113,2
DA:115,0
DA:116,0
DA:117,0
DA:122,2
DA:123,1
DA:126,2
DA:132,2
DA:133,2
DA:137,4
DA:138,1
DA:140,1
DA:141,1
DA:143,1
DA:146,1
DA:147,2
DA:154,2
DA:155,1
DA:156,1
DA:158,2
DA:160,2
DA:164,1
DA:168,1
DA:174,2
DA:175,1
DA:176,2
DA:177,1
DA:178,1
DA:179,3
DA:181,1
LF:78
LH:65
end_of_record
SF:lib\widgets\product_card.dart
DA:7,6
DA:9,6
DA:11,6
DA:13,6
DA:14,6
DA:16,6
DA:18,6
DA:19,6
DA:20,6
DA:22,18
DA:23,5
DA:24,10
DA:27,2
DA:30,2
DA:31,4
DA:34,2
DA:39,6
DA:41,6
DA:43,6
DA:44,6
DA:45,12
DA:54,20
DA:55,4
DA:56,4
DA:57,4
DA:58,16
DA:66,4
DA:67,16
DA:77,5
DA:78,20
LF:30
LH:30
end_of_record
SF:lib\firebase_options.dart
DA:18,0
DA:22,0
DA:23,0
DA:25,0
DA:27,0
DA:29,0
DA:31,0
DA:32,0
DA:37,0
LF:9
LH:0
end_of_record
SF:lib\main.dart
DA:14,0
DA:15,0
DA:16,0
DA:17,0
DA:20,0
DA:21,0
DA:22,0
DA:23,0
DA:24,0
DA:25,0
DA:26,0
DA:36,2
DA:38,0
DA:39,0
DA:45,0
DA:47,0
DA:48,0
DA:49,0
DA:52,0
DA:54,0
DA:57,0
DA:58,0
DA:60,0
DA:66,2
DA:68,2
DA:69,2
DA:76,2
DA:78,2
DA:79,6
DA:82,2
DA:84,2
DA:85,2
DA:87,2
DA:90,2
DA:91,2
DA:93,2
DA:94,2
DA:103,2
DA:104,2
DA:105,2
DA:111,2
DA:115,2
DA:117,2
DA:138,2
DA:139,1
DA:140,1
DA:142,2
DA:162,2
DA:164,2
DA:166,2
DA:167,2
DA:177,2
DA:178,2
DA:179,2
DA:180,4
DA:182,2
DA:183,0
DA:184,6
DA:188,2
DA:189,2
DA:192,2
DA:194,8
DA:199,2
DA:200,2
DA:201,2
DA:202,2
DA:203,1
DA:204,3
DA:206,2
LF:69
LH:46
end_of_record
SF:lib\router.dart
DA:18,1
DA:19,1
DA:21,1
DA:22,1
DA:23,3
DA:25,3
DA:35,1
DA:36,1
DA:38,1
DA:41,1
DA:42,1
DA:44,1
DA:48,1
DA:50,1
DA:54,1
DA:56,1
DA:57,2
DA:58,3
DA:59,1
DA:60,1
DA:67,1
DA:69,1
DA:70,2
DA:71,1
DA:72,1
DA:78,1
DA:80,1
DA:84,1
DA:86,1
DA:90,1
DA:92,1
DA:96,1
DA:98,0
DA:102,1
DA:104,1
DA:108,1
DA:110,1
DA:114,1
DA:116,1
DA:117,3
DA:118,2
LF:41
LH:40
end_of_record
SF:lib\services\auth_service.dart
DA:7,0
DA:8,0
DA:9,0
DA:14,0
DA:17,0
DA:20,0
DA:22,0
DA:26,0
DA:33,0
DA:35,0
DA:39,0
DA:46,0
DA:47,0
LF:13
LH:0
end_of_record
SF:lib\services\cart_service.dart
DA:8,4
DA:10,2
DA:11,6
DA:12,6
DA:13,2
DA:14,4
DA:15,6
DA:19,1
DA:20,2
DA:23,2
DA:30,4
DA:34,4
DA:38,5
DA:39,4
DA:40,2
DA:41,2
DA:42,2
DA:43,2
DA:45,4
DA:46,4
DA:48,6
DA:57,2
DA:60,2
DA:62,6
DA:63,6
DA:64,4
DA:65,4
DA:66,4
DA:67,4
DA:68,2
DA:71,2
DA:73,6
DA:74,6
DA:75,4
DA:76,4
DA:77,4
DA:78,4
DA:79,4
DA:80,2
DA:81,6
DA:83,1
DA:87,2
DA:91,2
DA:92,4
DA:93,2
LF:45
LH:45
end_of_record
SF:lib\views\about_us_page.dart
DA:4,2
DA:6,2
LF:2
LH:2
end_of_record
SF:lib\views\account_dashboard_page.dart
DA:7,2
DA:9,1
DA:11,2
DA:17,1
DA:19,1
DA:21,1
DA:22,1
DA:24,3
DA:27,1
DA:28,2
DA:29,3
DA:46,1
DA:47,0
DA:48,0
DA:49,0
DA:50,0
LF:16
LH:12
end_of_record
SF:lib\views\auth_page.dart
DA:6,2
DA:8,2
DA:9,2
DA:15,1
DA:16,2
DA:17,2
DA:21,2
DA:23,2
DA:24,2
DA:25,2
DA:27,2
DA:28,4
DA:29,2
LF:13
LH:13
end_of_record
SF:lib\views\cart_page.dart
DA:7,2
DA:9,2
DA:11,2
DA:12,2
DA:14,2
DA:18,1
DA:19,1
DA:21,1
DA:22,1
DA:23,1
DA:26,1
DA:27,1
DA:28,1
DA:29,1
DA:30,1
DA:31,2
DA:36,3
DA:37,1
DA:39,1
DA:40,2
DA:41,0
DA:42,0
DA:43,0
DA:44,0
DA:45,0
DA:53,0
DA:54,0
DA:63,5
DA:64,4
DA:65,4
DA:66,1
DA:67,0
DA:68,1
DA:69,0
DA:72,1
DA:74,1
DA:75,1
DA:77,1
DA:78,1
DA:79,2
DA:80,2
DA:81,1
DA:82,1
DA:83,1
DA:84,1
DA:88,3
DA:89,1
DA:91,1
DA:92,1
DA:93,2
DA:94,2
DA:95,1
DA:96,1
DA:97,1
DA:98,1
DA:102,1
DA:104,1
DA:105,1
DA:106,2
DA:107,1
DA:108,1
DA:109,1
DA:110,1
DA:119,1
DA:121,1
DA:123,1
DA:124,1
DA:125,3
DA:129,1
DA:130,1
DA:131,1
DA:133,2
DA:137,1
DA:138,1
DA:139,1
DA:140,1
DA:141,1
LF:77
LH:68
end_of_record
SF:lib\views\collection_page.dart
DA:12,2
DA:19,2
DA:20,2
DA:43,2
DA:45,2
DA:46,7
DA:47,2
DA:50,2
DA:52,8
DA:55,1
DA:57,2
DA:58,4
DA:59,3
DA:62,2
DA:63,1
DA:64,1
DA:65,2
DA:66,4
DA:67,1
DA:68,1
DA:71,2
DA:72,2
DA:73,1
DA:78,1
DA:79,2
DA:82,2
DA:84,4
DA:85,3
DA:86,3
DA:87,1
DA:90,1
DA:91,1
DA:92,5
DA:94,1
DA:95,0
DA:97,1
DA:98,0
DA:100,0
DA:102,0
DA:103,0
DA:106,1
DA:107,2
DA:109,4
DA:111,4
DA:112,1
DA:117,2
DA:118,1
DA:119,1
DA:123,0
DA:124,0
DA:125,0
DA:126,0
DA:127,0
DA:128,0
DA:129,0
DA:131,0
DA:134,0
DA:136,0
DA:137,0
DA:138,0
DA:139,0
DA:141,0
DA:142,0
DA:143,0
DA:145,0
DA:146,0
DA:147,0
DA:151,0
DA:153,0
DA:154,0
DA:155,0
DA:159,0
DA:160,0
DA:161,0
DA:162,0
DA:175,2
DA:177,2
DA:180,1
DA:181,4
DA:185,5
DA:186,4
DA:187,5
DA:188,0
DA:189,2
DA:191,2
DA:193,1
DA:195,1
DA:196,1
DA:198,1
DA:200,1
DA:201,1
DA:202,2
DA:206,1
DA:207,1
DA:209,1
DA:210,1
DA:217,1
DA:219,2
DA:220,1
DA:221,1
DA:228,1
DA:229,1
DA:239,2
DA:240,0
DA:245,1
DA:246,1
DA:248,2
DA:250,2
DA:254,1
DA:258,1
DA:264,1
DA:265,1
DA:266,1
DA:267,1
DA:268,1
DA:269,3
DA:271,1
DA:279,1
DA:280,0
DA:282,0
DA:284,0
DA:285,0
DA:287,0
DA:288,0
DA:291,0
DA:292,0
DA:294,0
DA:295,0
LF:128
LH:84
end_of_record
SF:lib\views\collections_page.dart
DA:8,3
DA:10,2
DA:11,2
DA:18,2
DA:20,2
DA:21,7
DA:22,6
DA:25,2
DA:27,2
DA:28,2
DA:29,2
DA:30,4
DA:32,2
DA:33,4
DA:34,6
DA:37,2
DA:38,2
DA:40,2
DA:48,2
DA:49,2
DA:51,4
DA:53,4
DA:57,2
DA:61,2
DA:67,2
DA:68,2
DA:69,2
DA:70,2
DA:84,2
DA:88,2
DA:89,2
DA:95,2
DA:97,2
DA:98,1
DA:99,2
DA:100,4
DA:101,4
DA:102,1
DA:104,2
DA:105,0
DA:106,0
DA:107,2
DA:109,2
DA:110,0
DA:111,2
DA:113,2
DA:116,2
DA:117,2
DA:119,2
DA:121,2
DA:122,8
DA:123,2
DA:124,6
DA:126,2
DA:132,1
DA:133,3
DA:135,1
DA:141,2
DA:142,2
DA:143,2
DA:144,4
DA:150,2
DA:152,2
DA:154,2
DA:155,6
DA:156,8
LF:66
LH:63
end_of_record
SF:lib\views\print_shack_about_page.dart
DA:4,2
DA:6,2
LF:2
LH:2
end_of_record
SF:lib\views\print_shack_page.dart
DA:7,2
DA:9,2
DA:10,2
DA:19,6
DA:21,2
DA:23,2
DA:25,2
DA:27,2
DA:33,2
DA:34,6
DA:43,2
DA:44,2
DA:45,1
DA:46,2
DA:47,1
DA:70,2
DA:77,2
DA:80,5
DA:82,1
DA:89,2
DA:93,2
DA:96,2
DA:97,2
DA:101,2
DA:102,2
DA:103,2
DA:104,2
DA:106,2
DA:107,2
DA:108,2
DA:110,1
DA:111,6
DA:114,6
DA:115,2
DA:117,1
DA:118,4
DA:127,2
DA:129,2
DA:131,2
DA:132,2
DA:137,2
DA:142,2
DA:144,2
DA:148,2
DA:149,2
DA:150,2
DA:151,2
DA:160,1
DA:161,2
DA:162,3
DA:166,4
DA:167,0
DA:172,2
DA:173,1
DA:174,2
DA:177,3
DA:178,1
DA:182,1
DA:183,1
DA:186,1
DA:187,2
DA:188,3
DA:191,1
DA:193,1
DA:197,2
DA:198,1
LF:66
LH:65
end_of_record
SF:lib\views\product_page.dart
DA:10,2
DA:12,2
DA:13,2
DA:23,2
DA:25,2
DA:26,10
DA:27,5
DA:28,2
DA:29,2
DA:30,3
DA:33,2
DA:34,2
DA:35,3
DA:41,2
DA:43,2
DA:44,2
DA:45,2
DA:46,4
DA:48,1
DA:49,0
DA:50,1
DA:53,1
DA:54,1
DA:55,1
DA:56,2
DA:58,1
DA:61,1
DA:62,1
DA:63,1
DA:65,1
DA:66,1
DA:67,1
DA:68,1
DA:70,0
DA:71,0
DA:72,0
DA:97,1
DA:99,1
DA:100,1
DA:101,1
DA:109,2
DA:110,1
DA:111,1
DA:112,1
DA:113,3
DA:121,1
DA:122,3
DA:132,0
DA:133,0
DA:140,1
DA:141,1
DA:149,1
DA:150,1
DA:158,1
DA:159,3
DA:160,1
DA:161,1
DA:171,1
DA:172,1
DA:173,1
DA:174,2
DA:175,1
DA:178,1
DA:179,2
DA:180,1
DA:182,1
DA:184,1
DA:190,3
DA:191,1
DA:192,1
DA:202,1
DA:203,1
DA:204,1
DA:205,2
DA:206,1
DA:209,1
DA:210,2
DA:211,1
DA:213,1
DA:215,1
DA:221,1
DA:222,1
DA:232,1
DA:234,0
DA:235,0
DA:236,0
DA:237,0
DA:242,1
DA:243,2
DA:246,1
DA:248,1
DA:249,2
DA:250,2
DA:256,1
DA:257,1
DA:258,1
DA:259,1
DA:260,3
DA:261,0
DA:269,3
DA:270,0
DA:278,3
DA:279,3
DA:281,2
DA:282,1
DA:283,4
DA:288,1
DA:302,0
DA:303,0
DA:305,0
DA:307,0
DA:308,0
DA:310,0
DA:316,1
DA:317,1
DA:318,1
DA:319,1
DA:322,1
DA:324,1
LF:119
LH:101
end_of_record
SF:lib\views\sale_collection_page.dart
DA:8,2
DA:10,2
DA:11,2
DA:18,2
DA:20,2
DA:21,6
DA:24,2
DA:26,2
DA:27,2
DA:28,2
DA:29,4
DA:31,1
DA:32,0
DA:33,3
DA:37,1
DA:38,1
DA:40,1
DA:48,1
DA:49,1
DA:51,2
DA:53,2
DA:57,1
DA:61,1
DA:67,1
DA:68,1
DA:69,1
DA:70,1
DA:71,0
DA:72,0
DA:74,1
LF:30
LH:27
end_of_record
SF:lib\widgets\page_wrapper.dart
DA:9,4
DA:11,2
DA:12,2
DA:18,1
DA:19,2
DA:20,2
DA:24,2
DA:26,2
DA:27,2
DA:28,2
DA:30,2
DA:31,2
DA:32,4
DA:33,2
DA:34,2
DA:35,2
DA:36,2
DA:38,4
DA:39,2
DA:41,2
DA:42,4
DA:50,1
DA:51,1
DA:52,3
DA:56,3
LF:25
LH:25
end_of_record
SF:lib\services\collection_service.dart
DA:5,2
DA:7,4
DA:8,2
DA:9,2
LF:4
LH:4
end_of_record
SF:lib\widgets\login_form.dart
DA:9,3
DA:11,3
DA:12,3
DA:20,3
DA:22,6
DA:23,6
DA:24,3
DA:27,3
DA:29,3
DA:31,3
DA:32,3
DA:33,3
DA:35,3
DA:41,3
DA:42,3
DA:47,1
DA:48,1
DA:55,3
DA:56,3
DA:62,1
DA:63,1
DA:70,3
DA:71,1
DA:72,3
DA:74,2
DA:75,3
DA:76,3
DA:78,1
DA:79,1
DA:82,1
DA:83,2
DA:84,3
DA:93,3
DA:94,6
LF:34
LH:34
end_of_record
SF:lib\widgets\signup_form.dart
DA:9,2
DA:11,2
DA:12,2
DA:20,2
DA:22,4
DA:23,4
DA:24,2
DA:27,2
DA:29,2
DA:31,2
DA:32,2
DA:33,2
DA:35,2
DA:41,2
DA:42,2
DA:47,1
DA:48,1
DA:55,2
DA:56,2
DA:62,1
DA:63,1
DA:70,2
DA:71,1
DA:72,3
DA:74,2
DA:75,3
DA:76,3
DA:78,1
DA:79,1
DA:82,1
DA:83,2
DA:84,3
DA:93,2
DA:94,4
LF:34
LH:34
end_of_record
SF:lib\widgets\app_bar.dart
DA:8,3
DA:10,3
DA:11,3
DA:13,3
DA:18,0
DA:19,0
DA:22,0
DA:26,3
DA:28,3
DA:30,3
DA:33,3
DA:34,3
DA:36,3
DA:47,3
DA:48,3
DA:50,3
DA:51,3
DA:52,6
DA:53,6
DA:54,3
DA:55,3
DA:56,3
DA:57,0
DA:58,0
DA:60,3
DA:64,2
DA:65,2
DA:66,2
DA:78,2
DA:92,3
DA:93,3
DA:95,3
DA:97,3
DA:99,3
DA:101,2
DA:103,2
DA:105,3
DA:107,1
DA:108,1
DA:111,3
DA:113,3
DA:114,3
DA:116,1
DA:117,1
DA:120,3
DA:123,3
DA:124,3
DA:125,6
DA:127,1
DA:129,1
DA:132,1
DA:138,1
DA:139,2
DA:153,3
DA:155,6
DA:174,3
DA:183,3
DA:185,3
DA:186,3
DA:187,3
DA:196,3
DA:202,2
DA:204,3
DA:205,3
DA:211,1
DA:212,1
DA:213,5
DA:214,2
DA:218,3
DA:220,6
DA:221,3
DA:224,3
DA:226,3
DA:230,3
DA:231,3
DA:232,3
DA:235,3
DA:236,3
DA:240,3
DA:241,3
DA:243,0
DA:246,3
DA:256,2
DA:258,2
DA:260,2
DA:262,2
DA:263,3
DA:264,2
DA:265,2
DA:278,2
DA:280,2
DA:282,2
DA:284,2
DA:287,2
DA:288,2
LF:95
LH:89
end_of_record
SF:lib\widgets\footer.dart
DA:5,2
DA:7,3
DA:9,3
DA:10,3
DA:13,3
DA:14,3
DA:15,6
DA:16,2
DA:17,2
DA:18,2
DA:20,2
DA:21,4
DA:23,4
DA:25,4
DA:29,2
DA:33,3
DA:35,3
DA:36,3
DA:38,3
DA:40,3
DA:42,6
DA:50,3
DA:85,3
DA:86,3
DA:88,3
DA:94,3
DA:96,3
DA:101,3
DA:102,3
DA:104,3
DA:110,3
DA:111,3
DA:116,3
DA:118,0
DA:126,3
DA:127,3
DA:129,3
DA:130,3
DA:132,0
DA:134,3
DA:136,0
DA:138,3
DA:140,0
DA:146,3
DA:147,3
DA:149,3
DA:161,3
DA:162,3
DA:168,0
DA:169,0
DA:170,0
DA:171,0
DA:175,3
DA:177,6
DA:178,3
DA:181,3
DA:183,3
DA:185,3
DA:186,3
DA:187,3
DA:190,3
DA:191,3
DA:196,3
DA:198,0
DA:201,3
LF:65
LH:56
end_of_record
SF:lib\widgets\mobile_menu.dart
DA:5,2
DA:7,2
DA:9,2
DA:11,2
DA:13,2
DA:15,2
DA:16,2
DA:18,0
DA:19,0
DA:22,2
DA:24,1
DA:25,1
DA:28,2
DA:30,0
DA:31,0
DA:34,2
DA:36,2
DA:37,2
DA:40,0
DA:41,0
DA:44,2
DA:47,0
DA:48,0
DA:53,2
DA:55,0
DA:56,0
LF:26
LH:16
end_of_record
